<?xml version="1.0" encoding="UTF-8"?>
<!-- Generated by org.testng.reporters.JUnitReportReporter -->
<testsuite hostname="Vidhyas-Air.home" failures="0" tests="1" name="com.runner.TestRunner" time="14.126" errors="0" timestamp="2025-01-23T23:02:04 CST" skipped="0">
  <testcase classname="com.runner.TestRunner" name="runScenario" time="14.126"/>
</testsuite> <!-- com.runner.TestRunner -->
